Using pre-set license
Built from '2022.3/staging' branch; Version is '2022.3.15f1 (b58023a2b463) revision 11894819'; Using compiler version '192829333'; Build Type 'Release'
OS: 'Windows 10  (10.0.19045) 64bit Professional' Language: 'de' Physical Memory: 31904 MB
BatchMode: 1, IsHumanControllingUs: 0, StartBugReporterOnCrash: 0, Is64bit: 1, IsPro: 1

COMMAND LINE ARGUMENTS:
C:\Program Files\Unity\Hub\Editor\2022.3.15f1\Editor\Unity.exe
-adb2
-batchMode
-noUpm
-name
AssetImportWorker4
-projectPath
C:/Users/ffiessinger/Documents/GitHub/WFC-atalantus
-logFile
Logs/AssetImportWorker4.log
-srvPort
61413
Successfully changed project path to: C:/Users/ffiessinger/Documents/GitHub/WFC-atalantus
C:/Users/ffiessinger/Documents/GitHub/WFC-atalantus
[UnityMemory] Configuration Parameters - Can be set up in boot.config
    "memorysetup-bucket-allocator-granularity=16"
    "memorysetup-bucket-allocator-bucket-count=8"
    "memorysetup-bucket-allocator-block-size=33554432"
    "memorysetup-bucket-allocator-block-count=8"
    "memorysetup-main-allocator-block-size=16777216"
    "memorysetup-thread-allocator-block-size=16777216"
    "memorysetup-gfx-main-allocator-block-size=16777216"
    "memorysetup-gfx-thread-allocator-block-size=16777216"
    "memorysetup-cache-allocator-block-size=4194304"
    "memorysetup-typetree-allocator-block-size=2097152"
    "memorysetup-profiler-bucket-allocator-granularity=16"
    "memorysetup-profiler-bucket-allocator-bucket-count=8"
    "memorysetup-profiler-bucket-allocator-block-size=33554432"
    "memorysetup-profiler-bucket-allocator-block-count=8"
    "memorysetup-profiler-allocator-block-size=16777216"
    "memorysetup-profiler-editor-allocator-block-size=1048576"
    "memorysetup-temp-allocator-size-main=16777216"
    "memorysetup-job-temp-allocator-block-size=2097152"
    "memorysetup-job-temp-allocator-block-size-background=1048576"
    "memorysetup-job-temp-allocator-reduction-small-platforms=262144"
    "memorysetup-allocator-temp-initial-block-size-main=262144"
    "memorysetup-allocator-temp-initial-block-size-worker=262144"
    "memorysetup-temp-allocator-size-background-worker=32768"
    "memorysetup-temp-allocator-size-job-worker=262144"
    "memorysetup-temp-allocator-size-preload-manager=33554432"
    "memorysetup-temp-allocator-size-nav-mesh-worker=65536"
    "memorysetup-temp-allocator-size-audio-worker=65536"
    "memorysetup-temp-allocator-size-cloud-worker=32768"
    "memorysetup-temp-allocator-size-gi-baking-worker=262144"
    "memorysetup-temp-allocator-size-gfx=262144"
Player connection [169148] Host "[IP] 192.168.178.94 [Port] 0 [Flags] 2 [Guid] 1587214242 [EditorId] 1587214242 [Version] 1048832 [Id] WindowsEditor(7,DESKTOP-N55C6FP) [Debug] 1 [PackageName] WindowsEditor [ProjectName] Editor" joined multi-casting on [225.0.0.222:54997]...

Player connection [169148] Host "[IP] 192.168.178.94 [Port] 0 [Flags] 2 [Guid] 1587214242 [EditorId] 1587214242 [Version] 1048832 [Id] WindowsEditor(7,DESKTOP-N55C6FP) [Debug] 1 [PackageName] WindowsEditor [ProjectName] Editor" joined alternative multi-casting on [225.0.0.222:34997]...

[Physics::Module] Initialized MultithreadedJobDispatcher with 15 workers.
Refreshing native plugins compatible for Editor in 5.68 ms, found 2 plugins.
Preloading 0 native plugins for Editor in 0.00 ms.
Initialize engine version: 2022.3.15f1 (b58023a2b463)
[Subsystems] Discovering subsystems at path C:/Program Files/Unity/Hub/Editor/2022.3.15f1/Editor/Data/Resources/UnitySubsystems
[Subsystems] Discovering subsystems at path C:/Users/ffiessinger/Documents/GitHub/WFC-atalantus/Assets
GfxDevice: creating device client; threaded=0; jobified=0
Direct3D:
    Version:  Direct3D 11.0 [level 11.1]
    Renderer: AMD Radeon RX 7900 XT (ID=0x744c)
    Vendor:   ATI
    VRAM:     20416 MB
    Driver:   31.0.24019.1006
Initialize mono
Mono path[0] = 'C:/Program Files/Unity/Hub/Editor/2022.3.15f1/Editor/Data/Managed'
Mono path[1] = 'C:/Program Files/Unity/Hub/Editor/2022.3.15f1/Editor/Data/MonoBleedingEdge/lib/mono/unityjit-win32'
Mono config path = 'C:/Program Files/Unity/Hub/Editor/2022.3.15f1/Editor/Data/MonoBleedingEdge/etc'
Using monoOptions --debugger-agent=transport=dt_socket,embedding=1,server=y,suspend=n,address=127.0.0.1:56692
Begin MonoManager ReloadAssembly
Registering precompiled unity dll's ...
Register platform support module: C:/Program Files/Unity/Hub/Editor/2022.3.15f1/Editor/Data/PlaybackEngines/WebGLSupport/UnityEditor.WebGL.Extensions.dll
Register platform support module: C:/Program Files/Unity/Hub/Editor/2022.3.15f1/Editor/Data/PlaybackEngines/WindowsStandaloneSupport/UnityEditor.WindowsStandalone.Extensions.dll
Registered in 0.006616 seconds.
- Loaded All Assemblies, in  0.203 seconds
Native extension for WindowsStandalone target not found
Native extension for WebGL target not found
Mono: successfully reloaded assembly
- Finished resetting the current domain, in  0.142 seconds
Domain Reload Profiling: 344ms
	BeginReloadAssembly (62ms)
		ExecutionOrderSort (0ms)
		DisableScriptedObjects (0ms)
		BackupInstance (0ms)
		ReleaseScriptingObjects (0ms)
		CreateAndSetChildDomain (0ms)
	RebuildCommonClasses (19ms)
	RebuildNativeTypeToScriptingClass (7ms)
	initialDomainReloadingComplete (36ms)
	LoadAllAssembliesAndSetupDomain (77ms)
		LoadAssemblies (61ms)
		RebuildTransferFunctionScriptingTraits (0ms)
		AnalyzeDomain (76ms)
			TypeCache.Refresh (75ms)
				TypeCache.ScanAssembly (68ms)
			ScanForSourceGeneratedMonoScriptInfo (0ms)
			ResolveRequiredComponents (0ms)
	FinalizeReload (142ms)
		ReleaseScriptCaches (0ms)
		RebuildScriptCaches (0ms)
		SetupLoadedEditorAssemblies (112ms)
			LogAssemblyErrors (0ms)
			InitializePlatformSupportModulesInManaged (6ms)
			SetLoadedEditorAssemblies (2ms)
			RefreshPlugins (0ms)
			BeforeProcessingInitializeOnLoad (1ms)
			ProcessInitializeOnLoadAttributes (78ms)
			ProcessInitializeOnLoadMethodAttributes (24ms)
			AfterProcessingInitializeOnLoad (0ms)
			EditorAssembliesLoaded (0ms)
		ExecutionOrderSort2 (0ms)
		AwakeInstancesAfterBackupRestoration (0ms)
========================================================================
Worker process is ready to serve import requests
Begin MonoManager ReloadAssembly
Symbol file LoadedFromMemory is not a mono symbol file
- Loaded All Assemblies, in  0.307 seconds
Refreshing native plugins compatible for Editor in 2.46 ms, found 2 plugins.
Native extension for WindowsStandalone target not found
Native extension for WebGL target not found
Package Manager log level set to [2]
[Package Manager] Server::EnsureServerProcessIsRunning -- launch failed, reason: Unity was launched with the -noUpm command-line argument
[Package Manager] UpmClient::Send -- Unable to send message (not connected to UPM process).
[Package Manager] Cannot connect to Unity Package Manager local server
Mono: successfully reloaded assembly
- Finished resetting the current domain, in  0.291 seconds
Domain Reload Profiling: 596ms
	BeginReloadAssembly (87ms)
		ExecutionOrderSort (0ms)
		DisableScriptedObjects (3ms)
		BackupInstance (0ms)
		ReleaseScriptingObjects (0ms)
		CreateAndSetChildDomain (14ms)
	RebuildCommonClasses (19ms)
	RebuildNativeTypeToScriptingClass (6ms)
	initialDomainReloadingComplete (23ms)
	LoadAllAssembliesAndSetupDomain (170ms)
		LoadAssemblies (157ms)
		RebuildTransferFunctionScriptingTraits (0ms)
		AnalyzeDomain (63ms)
			TypeCache.Refresh (56ms)
				TypeCache.ScanAssembly (46ms)
			ScanForSourceGeneratedMonoScriptInfo (6ms)
			ResolveRequiredComponents (1ms)
	FinalizeReload (291ms)
		ReleaseScriptCaches (0ms)
		RebuildScriptCaches (0ms)
		SetupLoadedEditorAssemblies (219ms)
			LogAssemblyErrors (0ms)
			InitializePlatformSupportModulesInManaged (5ms)
			SetLoadedEditorAssemblies (2ms)
			RefreshPlugins (0ms)
			BeforeProcessingInitializeOnLoad (30ms)
			ProcessInitializeOnLoadAttributes (158ms)
			ProcessInitializeOnLoadMethodAttributes (20ms)
			AfterProcessingInitializeOnLoad (5ms)
			EditorAssembliesLoaded (0ms)
		ExecutionOrderSort2 (0ms)
		AwakeInstancesAfterBackupRestoration (3ms)
Launched and connected shader compiler UnityShaderCompiler.exe after 0.04 seconds
Refreshing native plugins compatible for Editor in 2.27 ms, found 2 plugins.
Preloading 0 native plugins for Editor in 0.00 ms.
Unloading 1907 Unused Serialized files (Serialized files now loaded: 0)
Unloading 39 unused Assets / (57.7 KB). Loaded Objects now: 2373.
Memory consumption went from 96.2 MB to 96.2 MB.
Total: 1.993100 ms (FindLiveObjects: 0.106800 ms CreateObjectMapping: 0.029000 ms MarkObjects: 1.784800 ms  DeleteObjects: 0.072200 ms)

AssetImportParameters requested are different than current active one (requested -> active):
  custom:video-decoder-webm-vp8: 9c59270c3fd7afecdb556c50c9e8de78 -> 
  custom:SearchIndexIgnoredProperties: e643bd26f0fe6173181afceb89e7c659 -> 
  custom:container-demuxer-ogg: 62fdf1f143b41e24485cea50d1cbac27 -> 
  custom:AudioImporter_EditorPlatform: d09bf68614088b80899f8185d706f6e7 -> 
  custom:video-decoder-ogg-theora: a1e56fd34408186e4bbccfd4996cb3dc -> 
  custom:framework-win-MediaFoundation: 216162199b28c13a410421893ffa2e32 -> 
  custom:video-encoder-webm-vp8: eb34c28f22e8b96e1ab97ce403110664 -> 
  custom:audio-decoder-ogg-vorbis: bf7c407c2cedff20999df2af8eb42d56 -> 
  custom:CustomObjectIndexerAttribute: 43b350a4d6e6d1791af0b5038c4bea17 -> 
  custom:container-demuxer-webm: 4f35f7cbe854078d1ac9338744f61a02 -> 
  custom:audio-encoder-webm-vorbis: bf7c407c2cedff20999df2af8eb42d56 -> 
  custom:container-muxer-webm: aa71ff27fc2769a1b78a27578f13a17b -> 
========================================================================
Received Import Request.
  Time since last request: 982776.961610 seconds.
  path: Assets/Models/Extra/innerCorner.fbx
  artifactKey: Guid(3796348c0e09beb4cb3a2ddcea6c3fa2) Importer(815301076,1909f56bfc062723c751e8b465ee728b)
Start importing Assets/Models/Extra/innerCorner.fbx using Guid(3796348c0e09beb4cb3a2ddcea6c3fa2) Importer(815301076,1909f56bfc062723c751e8b465ee728b)  -> (artifact id: '92f4d5c78d68d8467831577a7f8402d3') in 0.088892 seconds
Number of updated asset objects reloaded before import = 0
Number of asset objects unloaded after import = 9
========================================================================
Received Import Request.
  Time since last request: 1.301419 seconds.
  path: Assets/Models/Other/flag_green.fbx
  artifactKey: Guid(98dbf1a16c3eff1499db49b52991a0e0) Importer(815301076,1909f56bfc062723c751e8b465ee728b)
Start importing Assets/Models/Other/flag_green.fbx using Guid(98dbf1a16c3eff1499db49b52991a0e0) Importer(815301076,1909f56bfc062723c751e8b465ee728b)  -> (artifact id: '5d11287253105cebeb804981da2433d1') in 0.025029 seconds
Number of updated asset objects reloaded before import = 0
Number of asset objects unloaded after import = 9
========================================================================
Received Import Request.
  Time since last request: 376.217684 seconds.
  path: Assets/Modules/Basic
  artifactKey: Guid(a611c3edb0d0ce742b4cfb0413eaa8cf) Importer(815301076,1909f56bfc062723c751e8b465ee728b)
Start importing Assets/Modules/Basic using Guid(a611c3edb0d0ce742b4cfb0413eaa8cf) Importer(815301076,1909f56bfc062723c751e8b465ee728b)  -> (artifact id: 'a04aca930e233669f056124a16e37f3b') in 0.000414 seconds
Number of updated asset objects reloaded before import = 0
Number of asset objects unloaded after import = 0
========================================================================
Received Import Request.
  Time since last request: 0.080807 seconds.
  path: Assets/Modules/Basic/block.asset
  artifactKey: Guid(ccd7f81dc004a004cb0c9623254c00bf) Importer(815301076,1909f56bfc062723c751e8b465ee728b)
Start importing Assets/Modules/Basic/block.asset using Guid(ccd7f81dc004a004cb0c9623254c00bf) Importer(815301076,1909f56bfc062723c751e8b465ee728b)  -> (artifact id: 'e4ea48f0d2a3a6804d43f48951614bfe') in 0.001726 seconds
Number of updated asset objects reloaded before import = 0
Number of asset objects unloaded after import = 10
========================================================================
Received Import Request.
  Time since last request: 0.004571 seconds.
  path: Assets/Modules/Basic/corner 90.asset
  artifactKey: Guid(15a6e2c0294ba6545a5d7b4461989d40) Importer(815301076,1909f56bfc062723c751e8b465ee728b)
Start importing Assets/Modules/Basic/corner 90.asset using Guid(15a6e2c0294ba6545a5d7b4461989d40) Importer(815301076,1909f56bfc062723c751e8b465ee728b)  -> (artifact id: 'f9fbbe769a08a357012231236db0ff6b') in 0.001070 seconds
Number of updated asset objects reloaded before import = 0
Number of asset objects unloaded after import = 12
========================================================================
Received Import Request.
  Time since last request: 0.003680 seconds.
  path: Assets/Modules/Basic/end 180.asset
  artifactKey: Guid(a26709b40ca22014bb650e36eb05ea05) Importer(815301076,1909f56bfc062723c751e8b465ee728b)
Start importing Assets/Modules/Basic/end 180.asset using Guid(a26709b40ca22014bb650e36eb05ea05) Importer(815301076,1909f56bfc062723c751e8b465ee728b)  -> (artifact id: '96deec27d34c9b03d8836eebc68c87ea') in 0.001155 seconds
Number of updated asset objects reloaded before import = 0
Number of asset objects unloaded after import = 13
========================================================================
Received Import Request.
  Time since last request: 0.000006 seconds.
  path: Assets/Modules/Basic/side 90.asset
  artifactKey: Guid(4b1141662c0a1c14fb5d17286fc724cc) Importer(815301076,1909f56bfc062723c751e8b465ee728b)
Start importing Assets/Modules/Basic/side 90.asset using Guid(4b1141662c0a1c14fb5d17286fc724cc) Importer(815301076,1909f56bfc062723c751e8b465ee728b)  -> (artifact id: '9a1ce0e061cb3e3a3f227f32480cbce9') in 0.001037 seconds
Number of updated asset objects reloaded before import = 0
Number of asset objects unloaded after import = 11
========================================================================
Received Import Request.
  Time since last request: 0.000005 seconds.
  path: Assets/Modules/Basic/open.asset
  artifactKey: Guid(81ce795915529a545b30c384ccba5ceb) Importer(815301076,1909f56bfc062723c751e8b465ee728b)
Start importing Assets/Modules/Basic/open.asset using Guid(81ce795915529a545b30c384ccba5ceb) Importer(815301076,1909f56bfc062723c751e8b465ee728b)  -> (artifact id: '170d7d43ef886ae13be69dcaf5d3a290') in 0.001059 seconds
Number of updated asset objects reloaded before import = 0
Number of asset objects unloaded after import = 10
========================================================================
Received Import Request.
  Time since last request: 0.000007 seconds.
  path: Assets/Modules/Basic/corner 270.asset
  artifactKey: Guid(7b03e37b1ae16044e90037f2cd32c3e4) Importer(815301076,1909f56bfc062723c751e8b465ee728b)
Start importing Assets/Modules/Basic/corner 270.asset using Guid(7b03e37b1ae16044e90037f2cd32c3e4) Importer(815301076,1909f56bfc062723c751e8b465ee728b)  -> (artifact id: '713f441b3c6ff62bf1df890a9ca022c6') in 0.000877 seconds
Number of updated asset objects reloaded before import = 0
Number of asset objects unloaded after import = 12
========================================================================
Received Import Request.
  Time since last request: 0.000005 seconds.
  path: Assets/Modules/Basic/side 180.asset
  artifactKey: Guid(162aab4dc6f8e114590b25d696387d27) Importer(815301076,1909f56bfc062723c751e8b465ee728b)
Start importing Assets/Modules/Basic/side 180.asset using Guid(162aab4dc6f8e114590b25d696387d27) Importer(815301076,1909f56bfc062723c751e8b465ee728b)  -> (artifact id: '45387b3715a5986c67dfc228d49e5c02') in 0.001195 seconds
Number of updated asset objects reloaded before import = 0
Number of asset objects unloaded after import = 11
========================================================================
Received Import Request.
  Time since last request: 0.000005 seconds.
  path: Assets/Modules/Basic/straight.asset
  artifactKey: Guid(af7e24f3778270b4bb17292d47a7ff48) Importer(815301076,1909f56bfc062723c751e8b465ee728b)
Start importing Assets/Modules/Basic/straight.asset using Guid(af7e24f3778270b4bb17292d47a7ff48) Importer(815301076,1909f56bfc062723c751e8b465ee728b)  -> (artifact id: 'f9ac1514e3ed1815a4d607da513743d2') in 0.001079 seconds
Number of updated asset objects reloaded before import = 0
Number of asset objects unloaded after import = 12
Editor requested this worker to shutdown with reason: Scaling down because of idle timeout
TcpMessagingSession - receive error: operation aborted. errorcode: 995, details: Der E/A-Vorgang wurde wegen eines Threadendes oder einer Anwendungsanforderung abgebrochen.
AssetImportWorker is now disconnected from the server
Process exiting
Exiting without the bug reporter. Application will terminate with return code 0